2022-12-16 13:09:17,534 - pyswarms.single.global_best - INFO - Optimize for 1000 iters with {'c1': 0.5, 'c2': 0.3, 'w': 0.9}
2022-12-16 13:13:12,895 - pyswarms.single.global_best - INFO - Optimize for 1000 iters with {'c1': 0.5, 'c2': 0.3, 'w': 0.9}
2022-12-16 13:16:15,427 - pyswarms.single.global_best - INFO - Optimize for 1000 iters with {'c1': 0.5, 'c2': 0.3, 'w': 0.9}
2022-12-16 13:17:33,128 - pyswarms.single.global_best - INFO - Optimize for 1000 iters with {'c1': 0.5, 'c2': 0.3, 'w': 0.9}
2022-12-16 13:17:33,744 - pyswarms.single.global_best - INFO - Optimization finished | best cost: 9.356819318010633e-08, best pos: [0.99969725 0.99939022]
2022-12-16 13:28:53,303 - pyswarms.single.global_best - INFO - Optimize for 1000 iters with {'c1': 0.5, 'c2': 0.3, 'w': 0.9}
2022-12-16 13:29:15,424 - pyswarms.single.global_best - INFO - Optimize for 1000 iters with {'c1': 0.5, 'c2': 0.3, 'w': 0.9}
2022-12-16 13:29:16,021 - pyswarms.single.global_best - INFO - Optimization finished | best cost: 1.1575559585409708e-17, best pos: [1.         1.00000001]
2022-12-16 14:00:49,792 - pyswarms.single.global_best - INFO - Optimize for 1000 iters with {'c1': 0.5, 'c2': 0.3, 'w': 0.9}
2022-12-16 14:09:53,667 - pyswarms.single.global_best - INFO - Optimize for 1000 iters with {'c1': 0.5, 'c2': 0.3, 'w': 0.9}
2022-12-16 14:25:26,373 - pyswarms.single.global_best - INFO - Optimize for 1000 iters with {'c1': 0.5, 'c2': 0.3, 'w': 0.9}
2022-12-16 14:28:10,018 - pandas_gbq.gbq - INFO -   Elapsed 7.12 s. Waiting...
2022-12-16 14:28:11,170 - pandas_gbq.gbq - INFO -   Elapsed 8.27 s. Waiting...
2022-12-16 14:28:12,290 - pandas_gbq.gbq - INFO -   Elapsed 9.39 s. Waiting...
2022-12-16 14:28:13,420 - pandas_gbq.gbq - INFO -   Elapsed 10.52 s. Waiting...
2022-12-16 14:28:14,538 - pandas_gbq.gbq - INFO -   Elapsed 11.64 s. Waiting...
2022-12-16 14:28:17,102 - pandas_gbq.gbq - INFO - Total time taken 14.2 s.
Finished at 2022-12-16 14:28:17.
2022-12-16 14:29:15,805 - pandas_gbq.gbq - INFO -   Elapsed 7.0 s. Waiting...
2022-12-16 14:29:16,934 - pandas_gbq.gbq - INFO -   Elapsed 8.13 s. Waiting...
2022-12-16 14:29:18,064 - pandas_gbq.gbq - INFO -   Elapsed 9.26 s. Waiting...
2022-12-16 14:29:20,058 - pandas_gbq.gbq - INFO - Total time taken 11.26 s.
Finished at 2022-12-16 14:29:20.
2022-12-16 14:32:21,382 - pyswarms.single.global_best - INFO - Optimize for 1000 iters with {'c1': 0.5, 'c2': 0.3, 'w': 0.9}
2022-12-16 14:40:23,951 - pyswarms.single.global_best - INFO - Optimize for 1000 iters with {'c1': 0.5, 'c2': 0.3, 'w': 0.9}
2022-12-16 14:50:49,093 - pyswarms.single.global_best - INFO - Optimize for 1000 iters with {'c1': 0.5, 'c2': 0.3, 'w': 0.9}
2022-12-16 17:18:16,032 - pandas_gbq.gbq - INFO -   Elapsed 7.03 s. Waiting...
2022-12-16 17:18:18,769 - pandas_gbq.gbq - INFO - Total time taken 9.77 s.
Finished at 2022-12-16 17:18:18.
2022-12-16 18:32:58,795 - pandas_gbq.gbq - INFO -   Elapsed 6.05 s. Waiting...
2022-12-16 18:32:59,921 - pandas_gbq.gbq - INFO -   Elapsed 7.17 s. Waiting...
2022-12-16 18:33:01,053 - pandas_gbq.gbq - INFO -   Elapsed 8.31 s. Waiting...
2022-12-16 18:33:02,156 - pandas_gbq.gbq - INFO -   Elapsed 9.41 s. Waiting...
2022-12-16 18:33:04,657 - pandas_gbq.gbq - INFO - Total time taken 11.91 s.
Finished at 2022-12-16 18:33:04.
2022-12-19 18:34:52,611 - pandas_gbq.gbq - INFO -   Elapsed 6.88 s. Waiting...
2022-12-19 18:34:53,716 - pandas_gbq.gbq - INFO -   Elapsed 7.98 s. Waiting...
2022-12-19 18:34:54,785 - pandas_gbq.gbq - INFO -   Elapsed 9.05 s. Waiting...
2022-12-19 18:34:55,891 - pandas_gbq.gbq - INFO -   Elapsed 10.16 s. Waiting...
2022-12-19 18:34:56,995 - pandas_gbq.gbq - INFO -   Elapsed 11.26 s. Waiting...
2022-12-19 18:34:58,108 - pandas_gbq.gbq - INFO -   Elapsed 12.37 s. Waiting...
2022-12-19 18:35:00,292 - pandas_gbq.gbq - INFO - Total time taken 14.56 s.
Finished at 2022-12-19 18:35:00.
2022-12-19 18:35:42,389 - pandas_gbq.gbq - INFO -   Elapsed 6.99 s. Waiting...
2022-12-19 18:35:43,508 - pandas_gbq.gbq - INFO -   Elapsed 8.11 s. Waiting...
2022-12-19 18:35:44,617 - pandas_gbq.gbq - INFO -   Elapsed 9.22 s. Waiting...
2022-12-19 18:35:45,743 - pandas_gbq.gbq - INFO -   Elapsed 10.35 s. Waiting...
2022-12-19 18:35:46,851 - pandas_gbq.gbq - INFO -   Elapsed 11.46 s. Waiting...
2022-12-19 18:35:48,014 - pandas_gbq.gbq - INFO -   Elapsed 12.62 s. Waiting...
2022-12-19 18:35:49,117 - pandas_gbq.gbq - INFO -   Elapsed 13.72 s. Waiting...
2022-12-19 18:35:50,226 - pandas_gbq.gbq - INFO -   Elapsed 14.83 s. Waiting...
2022-12-19 18:35:51,345 - pandas_gbq.gbq - INFO -   Elapsed 15.95 s. Waiting...
2022-12-19 18:35:52,458 - pandas_gbq.gbq - INFO -   Elapsed 17.06 s. Waiting...
2022-12-19 18:35:53,569 - pandas_gbq.gbq - INFO -   Elapsed 18.17 s. Waiting...
2022-12-19 18:35:54,675 - pandas_gbq.gbq - INFO -   Elapsed 19.28 s. Waiting...
2022-12-19 18:35:55,797 - pandas_gbq.gbq - INFO -   Elapsed 20.4 s. Waiting...
2022-12-19 18:35:56,988 - pandas_gbq.gbq - INFO -   Elapsed 21.59 s. Waiting...
2022-12-19 18:35:58,106 - pandas_gbq.gbq - INFO -   Elapsed 22.71 s. Waiting...
2022-12-19 18:35:59,211 - pandas_gbq.gbq - INFO -   Elapsed 23.82 s. Waiting...
2022-12-19 18:36:00,304 - pandas_gbq.gbq - INFO -   Elapsed 24.91 s. Waiting...
2022-12-19 18:36:01,412 - pandas_gbq.gbq - INFO -   Elapsed 26.02 s. Waiting...
2022-12-19 18:36:02,531 - pandas_gbq.gbq - INFO -   Elapsed 27.14 s. Waiting...
2022-12-19 18:36:03,641 - pandas_gbq.gbq - INFO -   Elapsed 28.25 s. Waiting...
2022-12-19 18:36:04,767 - pandas_gbq.gbq - INFO -   Elapsed 29.37 s. Waiting...
2022-12-19 18:36:05,862 - pandas_gbq.gbq - INFO -   Elapsed 30.47 s. Waiting...
2022-12-19 18:36:06,985 - pandas_gbq.gbq - INFO -   Elapsed 31.59 s. Waiting...
2022-12-19 18:36:08,119 - pandas_gbq.gbq - INFO -   Elapsed 32.72 s. Waiting...
2022-12-19 18:36:09,230 - pandas_gbq.gbq - INFO -   Elapsed 33.83 s. Waiting...
2022-12-19 18:36:10,333 - pandas_gbq.gbq - INFO -   Elapsed 34.94 s. Waiting...
2022-12-19 18:36:11,432 - pandas_gbq.gbq - INFO -   Elapsed 36.04 s. Waiting...
2022-12-19 18:36:12,526 - pandas_gbq.gbq - INFO -   Elapsed 37.13 s. Waiting...
2022-12-19 18:36:13,625 - pandas_gbq.gbq - INFO -   Elapsed 38.23 s. Waiting...
2022-12-19 18:36:14,729 - pandas_gbq.gbq - INFO -   Elapsed 39.33 s. Waiting...
2022-12-19 18:36:15,840 - pandas_gbq.gbq - INFO -   Elapsed 40.44 s. Waiting...
2022-12-19 18:36:16,938 - pandas_gbq.gbq - INFO -   Elapsed 41.54 s. Waiting...
2022-12-19 18:36:18,029 - pandas_gbq.gbq - INFO -   Elapsed 42.63 s. Waiting...
2022-12-19 18:36:19,136 - pandas_gbq.gbq - INFO -   Elapsed 43.74 s. Waiting...
2022-12-19 18:36:20,243 - pandas_gbq.gbq - INFO -   Elapsed 44.85 s. Waiting...
2022-12-19 18:36:21,362 - pandas_gbq.gbq - INFO -   Elapsed 45.97 s. Waiting...
2022-12-19 18:36:22,458 - pandas_gbq.gbq - INFO -   Elapsed 47.06 s. Waiting...
2022-12-19 18:36:23,574 - pandas_gbq.gbq - INFO -   Elapsed 48.18 s. Waiting...
2022-12-19 18:36:24,670 - pandas_gbq.gbq - INFO -   Elapsed 49.27 s. Waiting...
2022-12-19 18:36:25,867 - pandas_gbq.gbq - INFO -   Elapsed 50.47 s. Waiting...
2022-12-19 18:36:26,965 - pandas_gbq.gbq - INFO -   Elapsed 51.57 s. Waiting...
2022-12-19 18:36:28,037 - pandas_gbq.gbq - INFO -   Elapsed 52.64 s. Waiting...
2022-12-19 18:36:29,164 - pandas_gbq.gbq - INFO -   Elapsed 53.77 s. Waiting...
2022-12-19 18:36:30,263 - pandas_gbq.gbq - INFO -   Elapsed 54.87 s. Waiting...
2022-12-19 18:36:31,363 - pandas_gbq.gbq - INFO -   Elapsed 55.97 s. Waiting...
2022-12-19 18:36:32,470 - pandas_gbq.gbq - INFO -   Elapsed 57.07 s. Waiting...
2022-12-19 18:36:33,541 - pandas_gbq.gbq - INFO -   Elapsed 58.15 s. Waiting...
2022-12-19 18:36:34,654 - pandas_gbq.gbq - INFO -   Elapsed 59.26 s. Waiting...
2022-12-19 18:36:35,749 - pandas_gbq.gbq - INFO -   Elapsed 60.35 s. Waiting...
2022-12-19 18:36:36,850 - pandas_gbq.gbq - INFO -   Elapsed 61.45 s. Waiting...
2022-12-19 18:36:37,963 - pandas_gbq.gbq - INFO -   Elapsed 62.57 s. Waiting...
2022-12-19 18:36:39,082 - pandas_gbq.gbq - INFO -   Elapsed 63.69 s. Waiting...
2022-12-19 18:36:40,188 - pandas_gbq.gbq - INFO -   Elapsed 64.79 s. Waiting...
2022-12-19 18:36:41,288 - pandas_gbq.gbq - INFO -   Elapsed 65.89 s. Waiting...
2022-12-19 18:36:42,403 - pandas_gbq.gbq - INFO -   Elapsed 67.01 s. Waiting...
2022-12-19 18:36:43,537 - pandas_gbq.gbq - INFO -   Elapsed 68.14 s. Waiting...
2022-12-19 18:36:44,663 - pandas_gbq.gbq - INFO -   Elapsed 69.27 s. Waiting...
2022-12-19 18:36:45,772 - pandas_gbq.gbq - INFO -   Elapsed 70.38 s. Waiting...
2022-12-19 18:36:46,862 - pandas_gbq.gbq - INFO -   Elapsed 71.47 s. Waiting...
2022-12-19 18:36:47,950 - pandas_gbq.gbq - INFO -   Elapsed 72.55 s. Waiting...
2022-12-19 18:36:49,041 - pandas_gbq.gbq - INFO -   Elapsed 73.64 s. Waiting...
2022-12-19 18:36:50,145 - pandas_gbq.gbq - INFO -   Elapsed 74.75 s. Waiting...
2022-12-19 18:36:51,249 - pandas_gbq.gbq - INFO -   Elapsed 75.85 s. Waiting...
2022-12-19 18:49:58,533 - pandas_gbq.gbq - INFO -   Elapsed 7.04 s. Waiting...
2022-12-19 18:49:59,658 - pandas_gbq.gbq - INFO -   Elapsed 8.17 s. Waiting...
2022-12-19 18:50:00,751 - pandas_gbq.gbq - INFO -   Elapsed 9.26 s. Waiting...
2022-12-19 18:50:02,823 - pandas_gbq.gbq - INFO - Total time taken 11.33 s.
Finished at 2022-12-19 18:50:02.
2022-12-19 19:01:23,017 - pyswarms.backend.generators - ERROR - Bounds and/or init_pos should be of size (5,)
Traceback (most recent call last):
  File "/home/ubuntu/.local/lib/python3.8/site-packages/pyswarms/backend/generators.py", line 74, in generate_swarm
    lb, ub = bounds
ValueError: too many values to unpack (expected 2)
2022-12-20 17:31:49,291 - pandas_gbq.gbq - INFO -   Elapsed 6.06 s. Waiting...
2022-12-20 17:31:50,412 - pandas_gbq.gbq - INFO -   Elapsed 7.18 s. Waiting...
2022-12-20 17:31:51,537 - pandas_gbq.gbq - INFO -   Elapsed 8.3 s. Waiting...
2022-12-20 17:31:52,669 - pandas_gbq.gbq - INFO -   Elapsed 9.44 s. Waiting...
2022-12-20 17:31:53,804 - pandas_gbq.gbq - INFO -   Elapsed 10.57 s. Waiting...
2022-12-20 17:31:55,649 - pandas_gbq.gbq - INFO - Total time taken 12.42 s.
Finished at 2022-12-20 17:31:55.
2022-12-20 17:32:30,499 - pandas_gbq.gbq - INFO -   Elapsed 6.32 s. Waiting...
2022-12-20 17:32:31,635 - pandas_gbq.gbq - INFO -   Elapsed 7.46 s. Waiting...
2022-12-20 17:32:32,757 - pandas_gbq.gbq - INFO -   Elapsed 8.58 s. Waiting...
2022-12-20 17:32:33,892 - pandas_gbq.gbq - INFO -   Elapsed 9.71 s. Waiting...
2022-12-20 17:32:35,033 - pandas_gbq.gbq - INFO -   Elapsed 10.85 s. Waiting...
2022-12-20 17:32:36,160 - pandas_gbq.gbq - INFO -   Elapsed 11.98 s. Waiting...
2022-12-20 17:32:38,452 - pandas_gbq.gbq - INFO - Total time taken 14.27 s.
Finished at 2022-12-20 17:32:38.
